[debug] [2020-03-27T11:46:21.911Z] ----------------------------------------------------------------------
[debug] [2020-03-27T11:46:21.914Z] Command:       /usr/local/bin/node /usr/local/bin/firebase deploy
[debug] [2020-03-27T11:46:21.914Z] CLI Version:   7.15.1
[debug] [2020-03-27T11:46:21.914Z] Platform:      linux
[debug] [2020-03-27T11:46:21.914Z] Node Version:  v12.14.1
[debug] [2020-03-27T11:46:21.914Z] Time:          Fri Mar 27 2020 17:16:21 GMT+0530 (India Standard Time)
[debug] [2020-03-27T11:46:21.914Z] ----------------------------------------------------------------------
[debug] [2020-03-27T11:46:21.914Z] 
[debug] [2020-03-27T11:46:21.919Z] > command requires scopes: ["email","openid","https://www.googleapis.com/auth/cloudplatformprojects.readonly","https://www.googleapis.com/auth/firebase","https://www.googleapis.com/auth/cloud-platform"]
[debug] [2020-03-27T11:46:21.919Z] > authorizing via signed-in user
[debug] [2020-03-27T11:46:21.919Z] [iam] checking project my-grocery-ap for permissions ["firebase.projects.get","firebasehosting.sites.update"]
[debug] [2020-03-27T11:46:21.920Z] > refreshing access token with scopes: ["email","https://www.googleapis.com/auth/cloud-platform","https://www.googleapis.com/auth/cloudplatformprojects.readonly","https://www.googleapis.com/auth/firebase","openid"]
[debug] [2020-03-27T11:46:21.920Z] >>> HTTP REQUEST POST https://www.googleapis.com/oauth2/v3/token  
 <request body omitted>
[debug] [2020-03-27T11:46:23.043Z] <<< HTTP RESPONSE 200
[debug] [2020-03-27T11:46:23.122Z] >>> HTTP REQUEST POST https://cloudresourcemanager.googleapis.com/v1/projects/my-grocery-ap:testIamPermissions  

[debug] [2020-03-27T11:46:25.565Z] <<< HTTP RESPONSE 200
[debug] [2020-03-27T11:46:25.569Z] >>> HTTP REQUEST GET https://firebase.googleapis.com/v1beta1/projects/my-grocery-ap  
 
[debug] [2020-03-27T11:46:26.793Z] <<< HTTP RESPONSE 200
[info] 
[info] === Deploying to 'my-grocery-ap'...
[info] 
[info] i  deploying hosting
[debug] [2020-03-27T11:46:26.799Z] >>> HTTP REQUEST POST https://firebasehosting.googleapis.com/v1beta1/sites/my-grocery-ap/versions  

[debug] [2020-03-27T11:46:29.967Z] <<< HTTP RESPONSE 200
[info] i  hosting[my-grocery-ap]: beginning deploy...
[info] i  hosting[my-grocery-ap]: found 90 files in build
[debug] [2020-03-27T11:46:30.723Z] [hosting] hash cache [YnVpbGQ] stored for 90 files
[debug] [2020-03-27T11:46:30.723Z] [hosting][hash queue][FINAL]
[debug] [2020-03-27T11:46:30.723Z] >>> HTTP REQUEST POST https://firebasehosting.googleapis.com/v1beta1/sites/my-grocery-ap/versions/da85d0c6b676ac59:populateFiles  
 <request body omitted>
[debug] [2020-03-27T11:46:33.558Z] <<< HTTP RESPONSE 200
[debug] [2020-03-27T11:46:33.588Z] [hosting][populate queue][FINAL]
[debug] [2020-03-27T11:46:33.588Z] [hosting] uploads queued: 42
